===== Arguments ======
algorithm :  all
cluster :  28
init_method :  k-means++
iter :  300
dataset :  abalone
file :  None
visual :  save
save_path :  result/abalone_k28/kpp_POLY/
kernel_method :  POLY
converge_ratio :  0.7
at_least_iter :  15
======================


Using features:  Index(['sex', 'length', 'diameter', 'height', 'weight.w', 'weight.s',
       'weight.v', 'weight.sh'],
      dtype='object')
[7 3 4 ... 4 4 5]
Plotting abalone label distribution
fitting the model (sklearn) ...
--- time: 1.087798833847046 seconds	 clock: 1.9775429999999998 seconds ---
acc:  0.13611592665571604
===== K-means cluster center (sklearn) =====
[[0.5723301  0.44643204 0.14735437 0.89709951 0.40776214 0.19632282
  0.25044175]
 [0.2873224  0.21229508 0.07185792 0.1152377  0.04728142 0.02614481
  0.03568033]
 [0.66675    0.524125   0.179375   1.52210625 0.7217625  0.34823125
  0.3881375 ]
 [0.48863636 0.37707273 0.12692727 0.55685455 0.23785091 0.12332
  0.16785273]
 [0.60945238 0.47569048 0.15961905 1.12066429 0.51877619 0.25134286
  0.2975619 ]
 [0.7509375  0.598125   0.21       2.52525    1.15890625 0.52521875
  0.63334375]
 [0.51034749 0.39555985 0.13312741 0.64419112 0.28190347 0.14164672
  0.18804247]
 [0.66118557 0.52180412 0.18778351 1.51268041 0.60626804 0.33359278
  0.45145876]
 [0.72205128 0.56782051 0.21153846 2.15038462 1.0585641  0.45547436
  0.52388462]
 [0.39216981 0.29761792 0.09903302 0.28351179 0.12378774 0.06042217
  0.08731604]
 [0.59804094 0.4719883  0.16593567 1.05922515 0.41185965 0.23381871
  0.3392193 ]
 [0.55849265 0.43941176 0.15834559 0.90894853 0.32680147 0.19742279
  0.30460662]
 [0.6844898  0.54602041 0.19418367 1.7317449  0.6250102  0.35165306
  0.57627551]
 [0.58194301 0.45525907 0.15134715 0.99704145 0.46554404 0.21261399
  0.26498705]
 [0.62597436 0.49153846 0.16707692 1.24635641 0.58204103 0.27408718
  0.32901538]
 [0.70059701 0.54865672 0.1938806  1.84625373 0.84776866 0.40574627
  0.47610448]
 [0.5325641  0.41724359 0.1440812  0.74041667 0.29778846 0.16024359
  0.23252778]
 [0.42823404 0.3292766  0.10880851 0.37185745 0.15934468 0.07949362
  0.11284255]
 [0.61879032 0.49056452 0.17258065 1.19707661 0.47026613 0.26117742
  0.37079435]
 [0.19630435 0.14353261 0.04695652 0.03941848 0.01578804 0.00893478
  0.01225   ]
 [0.3511245  0.26355422 0.08773092 0.19951406 0.08754016 0.04331325
  0.06415663]
 [0.64184211 0.51084211 0.18173684 1.34384737 0.51172105 0.28725263
  0.4401    ]
 [0.54924171 0.42843602 0.14218009 0.80962796 0.36533412 0.17764692
  0.22551422]
 [0.67994186 0.53604651 0.18796512 1.66852326 0.74935465 0.36105814
  0.43693023]
 [0.46       0.35449477 0.11783972 0.46208188 0.19938676 0.09996864
  0.13989721]
 [0.64065068 0.50243151 0.17513699 1.37614041 0.63882534 0.29911301
  0.3580274 ]
 [0.455      0.355      1.13       0.594      0.332      0.116
  0.1335    ]
 [0.72413793 0.57431034 0.21293103 2.07932759 0.79781034 0.42536207
  0.68282759]]
============================================




fitting the model (my own k-means) ...
===== Parameters ======
Name:  Kmeans
k:  28
initMethod:  k-means++
initCentroid:  None
iterations:  300
=======================
Interation 1, SSE: 46.448309
Interation 2, SSE: 38.388381
Interation 3, SSE: 36.524797
Interation 4, SSE: 35.574826
Interation 5, SSE: 34.817958
Interation 6, SSE: 34.297870
Interation 7, SSE: 34.019405
Interation 8, SSE: 33.837366
Interation 9, SSE: 33.662509
Interation 10, SSE: 33.466379
Interation 11, SSE: 33.290896
Interation 12, SSE: 33.101972
Interation 13, SSE: 32.917092
Interation 14, SSE: 32.717357
Interation 15, SSE: 32.475154
Interation 16, SSE: 32.295655
Interation 17, SSE: 32.188597
Interation 18, SSE: 32.109073
Interation 19, SSE: 32.052827
Interation 20, SSE: 31.990839
Interation 21, SSE: 31.946070
Interation 22, SSE: 31.895418
Interation 23, SSE: 31.822879
Interation 24, SSE: 31.738663
Interation 25, SSE: 31.654473
Interation 26, SSE: 31.586507
Interation 27, SSE: 31.508690
Interation 28, SSE: 31.424378
Interation 29, SSE: 31.380648
Interation 30, SSE: 31.347121
Interation 31, SSE: 31.325721
Interation 32, SSE: 31.302704
Interation 33, SSE: 31.284455
Interation 34, SSE: 31.272231
Interation 35, SSE: 31.268544
Interation 36, SSE: 31.265377
Interation 37, SSE: 31.257287
Interation 38, SSE: 31.252040
Interation 39, SSE: 31.241870
Interation 40, SSE: 31.224601
Interation 41, SSE: 31.199924
Interation 42, SSE: 31.190258
Interation 43, SSE: 31.173010
Interation 44, SSE: 31.123420
Interation 45, SSE: 31.041814
Interation 46, SSE: 30.975480
Interation 47, SSE: 30.945762
Interation 48, SSE: 30.905816
Interation 49, SSE: 30.821195
Interation 50, SSE: 30.759076
Interation 51, SSE: 30.720644
Interation 52, SSE: 30.678370
Interation 53, SSE: 30.580193
Interation 54, SSE: 30.418917
Interation 55, SSE: 30.301871
Interation 56, SSE: 30.247641
Interation 57, SSE: 30.219438
Interation 58, SSE: 30.187316
Interation 59, SSE: 30.150345
Interation 60, SSE: 30.121591
Interation 61, SSE: 30.093212
Interation 62, SSE: 30.067258
Interation 63, SSE: 30.034445
Interation 64, SSE: 29.982550
Interation 65, SSE: 29.927246
Interation 66, SSE: 29.866525
Interation 67, SSE: 29.811075
Interation 68, SSE: 29.766853
Interation 69, SSE: 29.717315
Interation 70, SSE: 29.661871
Interation 71, SSE: 29.590317
Interation 72, SSE: 29.502458
Interation 73, SSE: 29.437605
Interation 74, SSE: 29.388832
Interation 75, SSE: 29.363095
Interation 76, SSE: 29.342309
Interation 77, SSE: 29.329329
Interation 78, SSE: 29.312854
Interation 79, SSE: 29.296038
Interation 80, SSE: 29.278381
Interation 81, SSE: 29.269369
Interation 82, SSE: 29.262457
Interation 83, SSE: 29.255471
Interation 84, SSE: 29.252084
Interation 85, SSE: 29.248949
Interation 86, SSE: 29.246754
Interation 87, SSE: 29.245170
Interation 88, SSE: 29.244093
Interation 89, SSE: 29.240848
Interation 90, SSE: 29.238117
Interation 91, SSE: 29.235554
Interation 92, SSE: 29.234335
Interation 93, SSE: 29.232850
Interation 94, SSE: 29.230710
Interation 95, SSE: 29.226577
Interation 96, SSE: 29.222642
Interation 97, SSE: 29.217005
Interation 98, SSE: 29.214663
Interation 99, SSE: 29.213394
Interation 100, SSE: 29.212585
Interation 101, SSE: 29.212412
Interation 102, SSE: 29.212085
Interation 103, SSE: 29.211564
Interation 104, SSE: 29.211131
Interation 105, SSE: 29.210019
Interation 106, SSE: 29.209248
Interation 107, SSE: 29.207815
Interation 108, SSE: 29.207240
Interation 109, SSE: 29.206678
Interation 110, SSE: 29.206426
Interation 111, SSE: 29.206348
Interation 112, SSE: 29.206107
Interation 113, SSE: 29.205920
Interation 114, SSE: 29.205723
Interation 115, SSE: 29.205723
Interation 116, SSE: 29.205723
Interation 117, SSE: 29.205723
Interation 118, SSE: 29.205723
Interation 119, SSE: 29.205723
Interation 120, SSE: 29.205723
Interation 121, SSE: 29.205723
Interation 122, SSE: 29.205723
Interation 123, SSE: 29.205723
Interation 124, SSE: 29.205723
Interation 125, SSE: 29.205723
Interation 126, SSE: 29.205723
Interation 127, SSE: 29.205723
Interation 128, SSE: 29.205723
Interation 129, SSE: 29.205723
Interation 130, SSE: 29.205723
Interation 131, SSE: 29.205723
Interation 132, SSE: 29.205723
Interation 133, SSE: 29.205723
Interation 134, SSE: 29.205723
Interation 135, SSE: 29.205723
Interation 136, SSE: 29.205723
Interation 137, SSE: 29.205723
Interation 138, SSE: 29.205723
Interation 139, SSE: 29.205723
Interation 140, SSE: 29.205723
Interation 141, SSE: 29.205723
Interation 142, SSE: 29.205723
Interation 143, SSE: 29.205723
Interation 144, SSE: 29.205723
Interation 145, SSE: 29.205723
Interation 146, SSE: 29.205723
Interation 147, SSE: 29.205723
Interation 148, SSE: 29.205723
Interation 149, SSE: 29.205723
Interation 150, SSE: 29.205723
Interation 151, SSE: 29.205723
Interation 152, SSE: 29.205723
Interation 153, SSE: 29.205723
Interation 154, SSE: 29.205723
Interation 155, SSE: 29.205723
Interation 156, SSE: 29.205723
Interation 157, SSE: 29.205723
Interation 158, SSE: 29.205723
Interation 159, SSE: 29.205723
Interation 160, SSE: 29.205723
Interation 161, SSE: 29.205723
Interation 162, SSE: 29.205723
Interation 163, SSE: 29.205723
Interation 164, SSE: 29.205723
Interation 165, SSE: 29.205723
Interation 166, SSE: 29.205723
Interation 167, SSE: 29.205723
Interation 168, SSE: 29.205723
Interation 169, SSE: 29.205723
Interation 170, SSE: 29.205723
Interation 171, SSE: 29.205723
Interation 172, SSE: 29.205723
Interation 173, SSE: 29.205723
Interation 174, SSE: 29.205723
Interation 175, SSE: 29.205723
Interation 176, SSE: 29.205723
Interation 177, SSE: 29.205723
Interation 178, SSE: 29.205723
Interation 179, SSE: 29.205723
Interation 180, SSE: 29.205723
Interation 181, SSE: 29.205723
Interation 182, SSE: 29.205723
Interation 183, SSE: 29.205723
Interation 184, SSE: 29.205723
Interation 185, SSE: 29.205723
Interation 186, SSE: 29.205723
Interation 187, SSE: 29.205723
Interation 188, SSE: 29.205723
Interation 189, SSE: 29.205723
Interation 190, SSE: 29.205723
Interation 191, SSE: 29.205723
Interation 192, SSE: 29.205723
Interation 193, SSE: 29.205723
Interation 194, SSE: 29.205723
Interation 195, SSE: 29.205723
Interation 196, SSE: 29.205723
Interation 197, SSE: 29.205723
Interation 198, SSE: 29.205723
Interation 199, SSE: 29.205723
Interation 200, SSE: 29.205723
Interation 201, SSE: 29.205723
Interation 202, SSE: 29.205723
Interation 203, SSE: 29.205723
Interation 204, SSE: 29.205723
Interation 205, SSE: 29.205723
Interation 206, SSE: 29.205723
Interation 207, SSE: 29.205723
Interation 208, SSE: 29.205723
Interation 209, SSE: 29.205723
Interation 210, SSE: 29.205723
Interation 211, SSE: 29.205723
Interation 212, SSE: 29.205723
Interation 213, SSE: 29.205723
Interation 214, SSE: 29.205723
Interation 215, SSE: 29.205723
Interation 216, SSE: 29.205723
Interation 217, SSE: 29.205723
Interation 218, SSE: 29.205723
Interation 219, SSE: 29.205723
Interation 220, SSE: 29.205723
Interation 221, SSE: 29.205723
Interation 222, SSE: 29.205723
Interation 223, SSE: 29.205723
Interation 224, SSE: 29.205723
Interation 225, SSE: 29.205723
Interation 226, SSE: 29.205723
Interation 227, SSE: 29.205723
Interation 228, SSE: 29.205723
Interation 229, SSE: 29.205723
Interation 230, SSE: 29.205723
Interation 231, SSE: 29.205723
Interation 232, SSE: 29.205723
Interation 233, SSE: 29.205723
Interation 234, SSE: 29.205723
Interation 235, SSE: 29.205723
Interation 236, SSE: 29.205723
Interation 237, SSE: 29.205723
Interation 238, SSE: 29.205723
Interation 239, SSE: 29.205723
Interation 240, SSE: 29.205723
Interation 241, SSE: 29.205723
Interation 242, SSE: 29.205723
Interation 243, SSE: 29.205723
Interation 244, SSE: 29.205723
Interation 245, SSE: 29.205723
Interation 246, SSE: 29.205723
Interation 247, SSE: 29.205723
Interation 248, SSE: 29.205723
Interation 249, SSE: 29.205723
Interation 250, SSE: 29.205723
Interation 251, SSE: 29.205723
Interation 252, SSE: 29.205723
Interation 253, SSE: 29.205723
Interation 254, SSE: 29.205723
Interation 255, SSE: 29.205723
Interation 256, SSE: 29.205723
Interation 257, SSE: 29.205723
Interation 258, SSE: 29.205723
Interation 259, SSE: 29.205723
Interation 260, SSE: 29.205723
Interation 261, SSE: 29.205723
Interation 262, SSE: 29.205723
Interation 263, SSE: 29.205723
Interation 264, SSE: 29.205723
Interation 265, SSE: 29.205723
Interation 266, SSE: 29.205723
Interation 267, SSE: 29.205723
Interation 268, SSE: 29.205723
Interation 269, SSE: 29.205723
Interation 270, SSE: 29.205723
Interation 271, SSE: 29.205723
Interation 272, SSE: 29.205723
Interation 273, SSE: 29.205723
Interation 274, SSE: 29.205723
Interation 275, SSE: 29.205723
Interation 276, SSE: 29.205723
Interation 277, SSE: 29.205723
Interation 278, SSE: 29.205723
Interation 279, SSE: 29.205723
Interation 280, SSE: 29.205723
Interation 281, SSE: 29.205723
Interation 282, SSE: 29.205723
Interation 283, SSE: 29.205723
Interation 284, SSE: 29.205723
Interation 285, SSE: 29.205723
Interation 286, SSE: 29.205723
Interation 287, SSE: 29.205723
Interation 288, SSE: 29.205723
Interation 289, SSE: 29.205723
Interation 290, SSE: 29.205723
Interation 291, SSE: 29.205723
Interation 292, SSE: 29.205723
Interation 293, SSE: 29.205723
Interation 294, SSE: 29.205723
Interation 295, SSE: 29.205723
Interation 296, SSE: 29.205723
Interation 297, SSE: 29.205723
Interation 298, SSE: 29.205723
Interation 299, SSE: 29.205723
Interation 300, SSE: 29.205723
--- time: 114.02888011932373 seconds	 clock: 112.062687 seconds ---
acc:  0.13075648952185787
===== K-means cluster center (my own k-means) =====
[array([0.40975177, 0.31365248, 0.10223404, 0.32337234, 0.14072695,
       0.06775177, 0.09767021]), array([0.26698347, 0.19632231, 0.06690083, 0.09302479, 0.03815289,
       0.0206281 , 0.02876446]), array([0.66805389, 0.52658683, 0.18658683, 1.55180838, 0.65724251,
       0.34673653, 0.43924251]), array([0.64599359, 0.50650641, 0.17589744, 1.40086538, 0.65155128,
       0.30311538, 0.36730449]), array([0.58298969, 0.45523196, 0.15118557, 0.99492526, 0.46636598,
       0.2125    , 0.26537371]), array([0.74078947, 0.58618421, 0.21894737, 2.35226316, 1.11614474,
       0.48496053, 0.58946053]), array([0.57050481, 0.44389423, 0.14725962, 0.88175962, 0.40387019,
       0.19067308, 0.24421875]), array([0.59971154, 0.47439103, 0.16653846, 1.07713462, 0.416375  ,
       0.23601282, 0.34530128]), array([0.56986486, 0.44912162, 0.15824324, 0.94577027, 0.35495946,
       0.21064865, 0.30749324]), array([0.53504167, 0.42108333, 0.15225   , 0.81435417, 0.29099583,
       0.1768625 , 0.27617083]), array([0.64285047, 0.51135514, 0.18224299, 1.35256542, 0.51668692,
       0.28719626, 0.44271495]), array([0.53120321, 0.41588235, 0.14168449, 0.7122861 , 0.29909893,
       0.15487433, 0.21483155]), array([0.60792929, 0.47467172, 0.15853535, 1.11600253, 0.52063131,
       0.24631818, 0.29438131]), array([0.50626344, 0.39115591, 0.13655914, 0.6405457 , 0.28927688,
       0.14216667, 0.18009677]), array([0.62718579, 0.49172131, 0.16770492, 1.26020219, 0.59396448,
       0.27544809, 0.3311612 ]), array([0.1868    , 0.13606667, 0.04426667, 0.03378   , 0.01352667,
       0.00786   , 0.01060667]), array([0.38434932, 0.29044521, 0.09732877, 0.26464726, 0.11445205,
       0.0567774 , 0.08286644]), array([0.68597222, 0.54333333, 0.19048611, 1.73900694, 0.75061806,
       0.37151042, 0.48264583]), array([0.35617647, 0.26815508, 0.08935829, 0.20481818, 0.08591444,
       0.04458824, 0.06531016]), array([0.54622995, 0.42628342, 0.13986631, 0.79485561, 0.36362834,
       0.17307487, 0.22025936]), array([0.47368293, 0.36490244, 0.12326829, 0.50967561, 0.21930976,
       0.11186341, 0.15396098]), array([0.31333333, 0.23333333, 0.07166667, 0.13833333, 0.4115    ,
       0.02666667, 0.04366667]), array([0.49754902, 0.38492647, 0.12958333, 0.58260294, 0.24192157,
       0.12791912, 0.18056618]), array([0.716875  , 0.56215278, 0.20236111, 2.01347222, 0.88440972,
       0.43522917, 0.55986111]), array([0.31528 , 0.23388 , 0.07772 , 0.150024, 0.06248 , 0.03398 ,
       0.048332]), array([0.43136905, 0.33214286, 0.11080357, 0.38284524, 0.1631369 ,
       0.08211012, 0.1161131 ]), array([0.45526042, 0.35098958, 0.11617187, 0.44557812, 0.19233594,
       0.09675   , 0.13441927]), array([0.62103774, 0.49062893, 0.17154088, 1.2016478 , 0.48972956,
       0.27116038, 0.3557956 ])]
===================================================




fitting the model (my own k-medoids) ...
===== Parameters ======
Name:  Kmedoids
k:  28
initMethod:  k-means++
initCentroid:  [[0.4    0.32   0.095  0.348  0.194  0.053  0.087 ]
 [0.3    0.225  0.075  0.1345 0.057  0.028  0.044 ]
 [0.635  0.505  0.155  1.2895 0.594  0.314  0.345 ]
 [0.64   0.495  0.17   1.139  0.5395 0.282  0.285 ]
 [0.51   0.4    0.14   0.8145 0.459  0.1965 0.195 ]
 [0.705  0.535  0.22   1.866  0.929  0.3835 0.4395]
 [0.555  0.43   0.15   0.783  0.345  0.1755 0.247 ]
 [0.56   0.445  0.195  0.981  0.305  0.2245 0.335 ]
 [0.56   0.455  0.125  0.943  0.344  0.129  0.375 ]
 [0.555  0.43   0.165  0.7575 0.2735 0.1635 0.275 ]
 [0.62   0.48   0.15   1.1015 0.4965 0.243  0.305 ]
 [0.54   0.41   0.135  0.7025 0.31   0.177  0.2   ]
 [0.575  0.45   0.145  0.872  0.4675 0.18   0.217 ]
 [0.495  0.4    0.105  0.602  0.2505 0.1265 0.19  ]
 [0.59   0.475  0.145  1.053  0.4415 0.262  0.325 ]
 [0.16   0.12   0.02   0.018  0.0075 0.0045 0.005 ]
 [0.365  0.285  0.085  0.2205 0.0855 0.0515 0.07  ]
 [0.55   0.42   0.16   1.3405 0.6325 0.311  0.344 ]
 [0.365  0.27   0.085  0.2225 0.0935 0.0525 0.066 ]
 [0.465  0.325  0.14   0.7615 0.362  0.1535 0.209 ]
 [0.47   0.355  0.18   0.48   0.2055 0.105  0.1505]
 [0.275  0.175  0.09   0.2315 0.096  0.057  0.0705]
 [0.48   0.38   0.135  0.528  0.2    0.1395 0.16  ]
 [0.72   0.56   0.175  1.7265 0.637  0.3415 0.525 ]
 [0.345  0.255  0.08   0.169  0.06   0.0425 0.054 ]
 [0.445  0.35   0.13   0.4195 0.1695 0.0945 0.1195]
 [0.43   0.335  0.12   0.444  0.155  0.1145 0.14  ]
 [0.55   0.44   0.16   0.991  0.348  0.168  0.375 ]]
iterations:  300
=======================
Interation 1, SSE: 49.293964
Interation 2, SSE: 40.855547
Interation 3, SSE: 38.406319
Interation 4, SSE: 38.085878
Interation 5, SSE: 37.714503
Interation 6, SSE: 37.714503
Interation 7, SSE: 37.714503
Interation 8, SSE: 37.714503
Interation 9, SSE: 37.714503
Interation 10, SSE: 37.714503
Interation 11, SSE: 37.714503
Interation 12, SSE: 37.714503
Interation 13, SSE: 37.714503
Interation 14, SSE: 37.714503
Interation 15, SSE: 37.714503
Interation 16, SSE: 37.714503
Converge at Iteration 16, SSE: 37.714503
--- time: 8.659980773925781 seconds	 clock: 8.505138000000002 seconds ---
acc:  0.1264726877711774
===== K-medoids cluster center (my own k-medoids) =====
[array([0.415 , 0.315 , 0.105 , 0.33  , 0.1405, 0.0705, 0.095 ]), array([0.285 , 0.21  , 0.07  , 0.109 , 0.044 , 0.0265, 0.033 ]), array([0.625 , 0.515 , 0.17  , 1.331 , 0.5725, 0.3005, 0.361 ]), array([0.615 , 0.475 , 0.175 , 1.194 , 0.559 , 0.259 , 0.3165]), array([0.55  , 0.425 , 0.15  , 0.8315, 0.411 , 0.1765, 0.2165]), array([0.735 , 0.565 , 0.205 , 2.1275, 0.949 , 0.46  , 0.565 ]), array([0.555 , 0.425 , 0.145 , 0.7905, 0.3485, 0.1765, 0.225 ]), array([0.56  , 0.44  , 0.17  , 0.9445, 0.3545, 0.2175, 0.3   ]), array([0.57  , 0.45  , 0.165 , 0.903 , 0.3305, 0.1845, 0.295 ]), array([0.525 , 0.42  , 0.16  , 0.756 , 0.2745, 0.173 , 0.275 ]), array([0.6   , 0.47  , 0.175 , 1.105 , 0.4865, 0.247 , 0.315 ]), array([0.52  , 0.405 , 0.14  , 0.6765, 0.2865, 0.146 , 0.205 ]), array([0.575 , 0.455 , 0.135 , 0.907 , 0.4245, 0.197 , 0.26  ]), array([0.505 , 0.38  , 0.12  , 0.594 , 0.2595, 0.1435, 0.18  ]), array([0.59  , 0.46  , 0.145 , 0.9905, 0.453 , 0.2205, 0.275 ]), array([0.2   , 0.145 , 0.05  , 0.036 , 0.0125, 0.008 , 0.011 ]), array([0.39  , 0.3   , 0.1   , 0.2665, 0.1105, 0.059 , 0.084 ]), array([0.65  , 0.515 , 0.18  , 1.463 , 0.658 , 0.3135, 0.4115]), array([0.37  , 0.27  , 0.095 , 0.2175, 0.097 , 0.046 , 0.065 ]), array([0.54  , 0.42  , 0.14  , 0.74  , 0.3595, 0.159 , 0.1985]), array([0.47  , 0.36  , 0.12  , 0.4775, 0.2105, 0.1055, 0.15  ]), array([0.31  , 0.24  , 0.105 , 0.2885, 0.118 , 0.065 , 0.083 ]), array([0.485 , 0.38  , 0.125 , 0.5215, 0.2215, 0.118 , 0.16  ]), array([0.68  , 0.545 , 0.185 , 1.672 , 0.7075, 0.364 , 0.48  ]), array([0.335 , 0.255 , 0.085 , 0.1785, 0.071 , 0.0405, 0.055 ]), array([0.435 , 0.335 , 0.11  , 0.38  , 0.1695, 0.086 , 0.11  ]), array([0.445 , 0.35  , 0.12  , 0.4425, 0.192 , 0.0955, 0.135 ]), array([0.6  , 0.445, 0.175, 1.057, 0.383, 0.216, 0.355])]
===================================================




fitting the model (my own k-median) ...
===== Parameters ======
Name:  Kmedians
k:  28
initMethod:  k-means++
initCentroid:  [[0.4    0.32   0.095  0.348  0.194  0.053  0.087 ]
 [0.3    0.225  0.075  0.1345 0.057  0.028  0.044 ]
 [0.635  0.505  0.155  1.2895 0.594  0.314  0.345 ]
 [0.64   0.495  0.17   1.139  0.5395 0.282  0.285 ]
 [0.51   0.4    0.14   0.8145 0.459  0.1965 0.195 ]
 [0.705  0.535  0.22   1.866  0.929  0.3835 0.4395]
 [0.555  0.43   0.15   0.783  0.345  0.1755 0.247 ]
 [0.56   0.445  0.195  0.981  0.305  0.2245 0.335 ]
 [0.56   0.455  0.125  0.943  0.344  0.129  0.375 ]
 [0.555  0.43   0.165  0.7575 0.2735 0.1635 0.275 ]
 [0.62   0.48   0.15   1.1015 0.4965 0.243  0.305 ]
 [0.54   0.41   0.135  0.7025 0.31   0.177  0.2   ]
 [0.575  0.45   0.145  0.872  0.4675 0.18   0.217 ]
 [0.495  0.4    0.105  0.602  0.2505 0.1265 0.19  ]
 [0.59   0.475  0.145  1.053  0.4415 0.262  0.325 ]
 [0.16   0.12   0.02   0.018  0.0075 0.0045 0.005 ]
 [0.365  0.285  0.085  0.2205 0.0855 0.0515 0.07  ]
 [0.55   0.42   0.16   1.3405 0.6325 0.311  0.344 ]
 [0.365  0.27   0.085  0.2225 0.0935 0.0525 0.066 ]
 [0.465  0.325  0.14   0.7615 0.362  0.1535 0.209 ]
 [0.47   0.355  0.18   0.48   0.2055 0.105  0.1505]
 [0.275  0.175  0.09   0.2315 0.096  0.057  0.0705]
 [0.48   0.38   0.135  0.528  0.2    0.1395 0.16  ]
 [0.72   0.56   0.175  1.7265 0.637  0.3415 0.525 ]
 [0.345  0.255  0.08   0.169  0.06   0.0425 0.054 ]
 [0.445  0.35   0.13   0.4195 0.1695 0.0945 0.1195]
 [0.43   0.335  0.12   0.444  0.155  0.1145 0.14  ]
 [0.55   0.44   0.16   0.991  0.348  0.168  0.375 ]]
iterations:  300
=======================
Interation 1, SSE: 47.590194
Interation 2, SSE: 40.314808
Interation 3, SSE: 38.182313
Interation 4, SSE: 37.106381
Interation 5, SSE: 36.617876
Interation 6, SSE: 36.301839
Interation 7, SSE: 35.968445
Interation 8, SSE: 35.480855
Interation 9, SSE: 34.933481
Interation 10, SSE: 34.712043
Interation 11, SSE: 34.595757
Interation 12, SSE: 34.511923
Interation 13, SSE: 34.410466
Interation 14, SSE: 34.377726
Interation 15, SSE: 34.364516
Interation 16, SSE: 34.349724
Interation 17, SSE: 34.325469
Interation 18, SSE: 34.302805
Interation 19, SSE: 34.283110
Interation 20, SSE: 34.272230
Interation 21, SSE: 34.269726
Interation 22, SSE: 34.258082
Interation 23, SSE: 34.246376
Interation 24, SSE: 34.239627
Interation 25, SSE: 34.226072
Interation 26, SSE: 34.223130
Interation 27, SSE: 34.214491
Interation 28, SSE: 34.208926
Interation 29, SSE: 34.208926
Interation 30, SSE: 34.208926
Interation 31, SSE: 34.208926
Interation 32, SSE: 34.208926
Interation 33, SSE: 34.208926
Interation 34, SSE: 34.208926
Interation 35, SSE: 34.208926
Interation 36, SSE: 34.208926
Interation 37, SSE: 34.208926
Interation 38, SSE: 34.208926
Interation 39, SSE: 34.208926
Interation 40, SSE: 34.208926
Interation 41, SSE: 34.208926
Interation 42, SSE: 34.208926
Interation 43, SSE: 34.208926
Interation 44, SSE: 34.208926
Interation 45, SSE: 34.208926
Interation 46, SSE: 34.208926
Interation 47, SSE: 34.208926
Interation 48, SSE: 34.208926
Interation 49, SSE: 34.208926
Interation 50, SSE: 34.208926
Interation 51, SSE: 34.208926
Interation 52, SSE: 34.208926
Interation 53, SSE: 34.208926
Interation 54, SSE: 34.208926
Interation 55, SSE: 34.208926
Interation 56, SSE: 34.208926
Interation 57, SSE: 34.208926
Interation 58, SSE: 34.208926
Interation 59, SSE: 34.208926
Interation 60, SSE: 34.208926
Interation 61, SSE: 34.208926
Interation 62, SSE: 34.208926
Interation 63, SSE: 34.208926
Interation 64, SSE: 34.208926
Interation 65, SSE: 34.208926
Interation 66, SSE: 34.208926
Interation 67, SSE: 34.208926
Interation 68, SSE: 34.208926
Interation 69, SSE: 34.208926
Interation 70, SSE: 34.208926
Interation 71, SSE: 34.208926
Interation 72, SSE: 34.208926
Interation 73, SSE: 34.208926
Interation 74, SSE: 34.208926
Interation 75, SSE: 34.208926
Interation 76, SSE: 34.208926
Interation 77, SSE: 34.208926
Interation 78, SSE: 34.208926
Interation 79, SSE: 34.208926
Interation 80, SSE: 34.208926
Interation 81, SSE: 34.208926
Interation 82, SSE: 34.208926
Interation 83, SSE: 34.208926
Interation 84, SSE: 34.208926
Interation 85, SSE: 34.208926
Interation 86, SSE: 34.208926
Interation 87, SSE: 34.208926
Interation 88, SSE: 34.208926
Interation 89, SSE: 34.208926
Interation 90, SSE: 34.208926
Converge at Iteration 90, SSE: 34.208926
--- time: 20.76834201812744 seconds	 clock: 20.654577000000003 seconds ---
acc:  0.12789617657114183
===== K-median cluster center (my own k-median) =====
[array([0.41  , 0.31  , 0.1   , 0.3215, 0.1385, 0.068 , 0.095 ]), array([0.28  , 0.205 , 0.07  , 0.106 , 0.042 , 0.0225, 0.031 ]), array([0.645  , 0.505  , 0.175  , 1.36825, 0.60625, 0.29575, 0.3725 ]), array([0.63   , 0.495  , 0.17   , 1.2435 , 0.54375, 0.2755 , 0.345  ]), array([0.565 , 0.435 , 0.145 , 0.8725, 0.4175, 0.1835, 0.23  ]), array([0.725  , 0.575  , 0.2075 , 2.1465 , 1.00025, 0.4615 , 0.5715 ]), array([0.55  , 0.43  , 0.14  , 0.802 , 0.3535, 0.176 , 0.234 ]), array([0.57  , 0.455 , 0.155 , 0.97  , 0.38  , 0.2175, 0.3   ]), array([0.565  , 0.445  , 0.155  , 0.87625, 0.34225, 0.1925 , 0.2765 ]), array([0.53  , 0.42  , 0.15  , 0.755 , 0.2745, 0.163 , 0.255 ]), array([0.615  , 0.48   , 0.16   , 1.136  , 0.52   , 0.24775, 0.305  ]), array([0.515 , 0.395 , 0.135 , 0.651 , 0.2855, 0.1415, 0.186 ]), array([0.58  , 0.455 , 0.15  , 0.9655, 0.4525, 0.2015, 0.259 ]), array([0.5   , 0.385 , 0.125 , 0.59  , 0.2505, 0.1285, 0.177 ]), array([0.595 , 0.465 , 0.155 , 1.0405, 0.477 , 0.225 , 0.285 ]), array([0.2    , 0.145  , 0.045  , 0.03725, 0.0145 , 0.008  , 0.01075]), array([0.385 , 0.295 , 0.1   , 0.271 , 0.1145, 0.059 , 0.0825]), array([0.66 , 0.525, 0.185, 1.534, 0.664, 0.342, 0.43 ]), array([0.365 , 0.275 , 0.09  , 0.22  , 0.093 , 0.0465, 0.07  ]), array([0.53   , 0.41   , 0.135  , 0.717  , 0.33175, 0.1535 , 0.2    ]), array([0.465  , 0.355  , 0.12   , 0.48625, 0.21325, 0.105  , 0.14075]), array([0.31  , 0.215 , 0.075 , 0.2315, 0.14  , 0.057 , 0.0595]), array([0.485  , 0.375  , 0.125  , 0.5325 , 0.22125, 0.1165 , 0.165  ]), array([0.695, 0.55 , 0.19 , 1.759, 0.769, 0.38 , 0.474]), array([0.33   , 0.25   , 0.08   , 0.17325, 0.07125, 0.037  , 0.053  ]), array([0.435  , 0.33   , 0.11   , 0.3795 , 0.16225, 0.08125, 0.115  ]), array([0.455 , 0.35  , 0.115 , 0.4405, 0.1865, 0.095 , 0.1335]), array([0.605  , 0.475  , 0.17   , 1.10225, 0.42075, 0.235  , 0.3565 ])]
===================================================




fitting the model (my own k-kmeans) ... POLY
  iter : 0
Interation 1, SSE: 42.272628
Interation 2, SSE: 40.493699
Interation 3, SSE: 40.117411
Interation 4, SSE: 39.950313
Interation 5, SSE: 39.612124
Interation 6, SSE: 39.359185
Interation 7, SSE: 39.244401
Interation 8, SSE: 38.876847
Interation 9, SSE: 38.789683
Interation 10, SSE: 38.574094
  iter : 10
Interation 11, SSE: 38.379465
Interation 12, SSE: 38.331790
Interation 13, SSE: 38.393812
Interation 14, SSE: 38.395470
Interation 15, SSE: 38.413776
Interation 16, SSE: 38.216112
Interation 17, SSE: 38.029905
Interation 18, SSE: 37.878677
Interation 19, SSE: 37.821479
Interation 20, SSE: 37.789241
  iter : 20
Interation 21, SSE: 37.848141
Interation 22, SSE: 37.898678
Interation 23, SSE: 37.882258
Interation 24, SSE: 37.834365
Interation 25, SSE: 37.724964
Interation 26, SSE: 37.813269
Interation 27, SSE: 37.738029
Interation 28, SSE: 37.614267
Interation 29, SSE: 37.596363
Interation 30, SSE: 37.656034
  iter : 30
Interation 31, SSE: 37.622022
Interation 32, SSE: 37.551822
Interation 33, SSE: 37.404916
Interation 34, SSE: 37.323187
Interation 35, SSE: 37.266243
Interation 36, SSE: 37.214106
Interation 37, SSE: 37.114542
Interation 38, SSE: 36.858561
Interation 39, SSE: 36.826290
Interation 40, SSE: 36.857021
  iter : 40
Interation 41, SSE: 36.816437
Interation 42, SSE: 36.821481
Interation 43, SSE: 36.817613
Interation 44, SSE: 36.833602
Interation 45, SSE: 36.843252
--- time: 385.94862604141235 seconds	 clock: 691.3150400000001 seconds ---
acc:  0.13528841030709152
===== K-kmeans cluster center (my own k-kmeans) =====
[[0.2968715  0.21913406 0.07424575 0.12854193 0.05813129 0.0289609
  0.03918437]
 [0.58924586 0.46039093 0.15670395 1.0685782  0.49073735 0.23862568
  0.2824246 ]
 [0.5976725  0.47107765 0.16767244 1.0614697  0.40848264 0.2125776
  0.35732326]
 [0.20933336 0.15275    0.05095834 0.04983332 0.02027083 0.01125
  0.01529583]
 [0.41769007 0.3185089  0.10543857 0.34609643 0.1505906  0.07296491
  0.10386841]
 [0.6694119  0.5265294  0.18561767 1.5532203  0.689709   0.35162652
  0.41419414]
 [0.5821692  0.4562186  0.14969006 0.9361467  0.4234338  0.20315705
  0.25966325]
 [0.6753333  0.5401112  0.19355556 1.7013112  0.61446667 0.32434437
  0.59398896]
 [0.72625    0.5758928  0.21357141 2.077893   0.79199994 0.43416077
  0.6812501 ]
 [0.7457143  0.5901786  0.2217857  2.403232   1.1472857  0.5006608
  0.6018035 ]
 [0.55841184 0.4351961  0.14519607 0.82984895 0.37144122 0.18081966
  0.23634897]
 [0.44269037 0.34099993 0.11345235 0.41533574 0.18054761 0.08834525
  0.12538812]
 [0.62914383 0.4989384  0.17544524 1.2302777  0.501668   0.2642945
  0.3829418 ]
 [0.5602777  0.4424074  0.1592593  0.92935663 0.33854166 0.19714813
  0.31465277]
 [0.49       0.465      0.125      0.5225     0.235      0.13
  0.141     ]
 [0.48859164 0.37760568 0.12680756 0.5701197  0.24691081 0.12233334
  0.16949525]
 [0.61601776 0.48269925 0.15929201 1.2028675  0.59869903 0.24022569
  0.30185834]
 [0.38508326 0.29308334 0.09794448 0.274775   0.11941114 0.05912779
  0.0842389 ]
 [0.6532327  0.5199138  0.18228449 1.4013746  0.55667245 0.29113793
  0.44678876]
 [0.52012926 0.40629315 0.15844828 0.81032324 0.29731032 0.17829739
  0.2672112 ]
 [0.3521028  0.26467282 0.0884112  0.20422892 0.08702337 0.04377335
  0.06575465]
 [0.5109265  0.39611974 0.13335906 0.63773173 0.2718397  0.14217184
  0.18884353]
 [0.4660379  0.35951284 0.12091104 0.4881357  0.20820335 0.10821399
  0.14693852]
 [0.6137569  0.48232073 0.1647238  1.1375085  0.47922936 0.27110496
  0.3193508 ]
 [0.72217375 0.5642391  0.19902171 2.032902   0.9681848  0.446576
  0.4992609 ]
 [0.6399514  0.50101924 0.17237869 1.343478   0.61596346 0.30358258
  0.34555823]
 [0.5361539  0.4168975  0.13817948 0.72814614 0.32700768 0.15667436
  0.20624106]
 [0.69480777 0.5489423  0.19009614 1.7452548  0.7886394  0.3927261
  0.46550483]]
===================================================




Saving result images...
